<?xml version="1.0" encoding="UTF-8"?>
<testsuite name="agh.ics.oop.RectangularMapTest" tests="4" skipped="0" failures="0" errors="0" timestamp="2021-12-09T12:20:10" hostname="DESKTOP-DVV2QVH" time="0.06">
  <properties/>
  <testcase name="isOccupiedTest()" classname="agh.ics.oop.RectangularMapTest" time="0.051"/>
  <testcase name="objectAt()" classname="agh.ics.oop.RectangularMapTest" time="0.002"/>
  <testcase name="canMoveToAndPlaceTest()" classname="agh.ics.oop.RectangularMapTest" time="0.0"/>
  <testcase name="placeTest()" classname="agh.ics.oop.RectangularMapTest" time="0.005"/>
  <system-out><![CDATA[]]></system-out>
  <system-err><![CDATA[]]></system-err>
</testsuite>
